<?xml version="1.0" encoding="UTF-8"?>
<!-- Generated by org.testng.reporters.JUnitReportReporter -->
<testsuite skipped="0" hostname="SirajJafri" name="com.qa.test.HomePage_PreloginTest" tests="2" failures="0" timestamp="03 Jun 2018 06:08:25 GMT" time="0.103" errors="0">
  <testcase name="HomePage_Prelogin1" time="0.025" classname="com.qa.test.HomePage_PreloginTest"/>
  <testcase name="homePage_LogoDisplayed" time="0.078" classname="com.qa.test.HomePage_PreloginTest"/>
</testsuite> <!-- com.qa.test.HomePage_PreloginTest -->
